04-25 13:10:43 com_github_MitjaNemec_ReplicateLayout.action_replicate_layout 278:Plugin executed on: 'win32'
04-25 13:10:43 com_github_MitjaNemec_ReplicateLayout.action_replicate_layout 279:Plugin executed with python version: '3.9.6 (default, Sep 27 2021, 21:15:11) [MSC v.1929 64 bit (AMD64)]'
04-25 13:10:43 com_github_MitjaNemec_ReplicateLayout.action_replicate_layout 280:KiCad build version: (6.0.1)
04-25 13:10:43 com_github_MitjaNemec_ReplicateLayout.action_replicate_layout 281:Plugin version: 1.1.0
04-25 13:10:43 com_github_MitjaNemec_ReplicateLayout.action_replicate_layout 282:Frame repr: <wx._core.Frame object at 0x0000019E279ABD30>
04-25 13:10:43 com_github_MitjaNemec_ReplicateLayout.action_replicate_layout 301:Preparing replicator with U4 as a reference
04-25 13:10:43 com_github_MitjaNemec_ReplicateLayout.replicate_layout 98:getting a list of all footprints on board
04-25 13:10:43 com_github_MitjaNemec_ReplicateLayout.action_replicate_layout 329:source anchor footprint is 'U4'
Located on: ['Balance Interface', 'Upper Active Balance Group']
With filenames: ['file61619F33.kicad_sch', 'file6196A5FB.kicad_sch']
With sheet_id:['Balance Interface', 'Upper Active Balance Group']
04-25 13:10:43 com_github_MitjaNemec_ReplicateLayout.action_replicate_layout 336:Corresponding footprints are 
[('U4', ['Balance Interface', 'Upper Active Balance Group']), ('U5', ['Balance Interface', 'Lower Active Balance Group'])]
04-25 13:10:43 com_github_MitjaNemec_ReplicateLayout.action_replicate_layout 348:Showing dialog
04-25 13:10:43 com_github_MitjaNemec_ReplicateLayout.action_replicate_layout 354:Toolbar position: wx.Point(1878, 96)
04-25 13:10:43 com_github_MitjaNemec_ReplicateLayout.action_replicate_layout 360:Dialog position: wx.Point(1514, 96)
04-25 13:11:43 com_github_MitjaNemec_ReplicateLayout.replicate_layout 329:constructing a list of sheets suitable for replication on level:'Upper Active Balance Group', file:'file6196A5FB.kicad_sch'
04-25 13:11:43 com_github_MitjaNemec_ReplicateLayout.replicate_layout 366:suitable sheets are:[['Balance Interface', 'Lower Active Balance Group']]
04-25 13:11:50 com_github_MitjaNemec_ReplicateLayout.replicate_layout 329:constructing a list of sheets suitable for replication on level:'Upper Active Balance Group', file:'file6196A5FB.kicad_sch'
04-25 13:11:50 com_github_MitjaNemec_ReplicateLayout.replicate_layout 366:suitable sheets are:[['Balance Interface', 'Lower Active Balance Group']]
04-25 13:12:50 com_github_MitjaNemec_ReplicateLayout.replicate_layout 329:constructing a list of sheets suitable for replication on level:'Upper Active Balance Group', file:'file6196A5FB.kicad_sch'
04-25 13:12:50 com_github_MitjaNemec_ReplicateLayout.replicate_layout 366:suitable sheets are:[['Balance Interface', 'Lower Active Balance Group']]
04-25 13:12:50 com_github_MitjaNemec_ReplicateLayout.action_replicate_layout 128:Replicating layout
04-25 13:12:50 com_github_MitjaNemec_ReplicateLayout.replicate_layout 146:Starting replication of sheets: [['Balance Interface', 'Lower Active Balance Group']]
on level: ['Balance Interface', 'Upper Active Balance Group']
with tracks=True, zone=True, text=True, containing=False, remove=True, locked=True, by_group=False
04-25 13:12:50 root 218:updating GUI message: 'Preparing for replication'
04-25 13:12:50 root 223:updating GUI with: 0
04-25 13:12:50 com_github_MitjaNemec_ReplicateLayout.replicate_layout 215:Getting the list of source footprints
04-25 13:12:50 com_github_MitjaNemec_ReplicateLayout.replicate_layout 230:Getting the list of all the remaining footprints
04-25 13:12:50 com_github_MitjaNemec_ReplicateLayout.replicate_layout 235:Getting nets local to source footprints
04-25 13:12:50 com_github_MitjaNemec_ReplicateLayout.replicate_layout 238:Getting source bounding box
04-25 13:12:50 com_github_MitjaNemec_ReplicateLayout.replicate_layout 242:Getting source tracks
04-25 13:12:50 com_github_MitjaNemec_ReplicateLayout.replicate_layout 251:Getting source zones
04-25 13:12:50 root 223:updating GUI with: 62
04-25 13:12:50 com_github_MitjaNemec_ReplicateLayout.replicate_layout 260:Getting source text items
04-25 13:12:50 com_github_MitjaNemec_ReplicateLayout.replicate_layout 269:Getting source drawing items
04-25 13:12:50 com_github_MitjaNemec_ReplicateLayout.replicate_layout 177:Removing tracks and zones, before footprint placement
04-25 13:12:50 root 218:updating GUI message: 'Removing zones and tracks'
04-25 13:12:50 com_github_MitjaNemec_ReplicateLayout.replicate_layout 1046:Remove bounding box top:96499500, bottom:169525000, Left:163608000, Right:251259606
04-25 13:12:51 root 218:updating GUI message: 'Replicating footprints'
04-25 13:12:51 root 223:updating GUI with: 0
04-25 13:12:51 com_github_MitjaNemec_ReplicateLayout.replicate_layout 663:Replicating footprints
04-25 13:12:51 com_github_MitjaNemec_ReplicateLayout.replicate_layout 669:Replicating footprints on sheet ['Balance Interface', 'Lower Active Balance Group']
04-25 13:12:51 root 223:updating GUI with: 18
04-25 13:12:51 root 223:updating GUI with: 36
04-25 13:12:51 root 223:updating GUI with: 56
04-25 13:12:51 root 223:updating GUI with: 69
04-25 13:12:51 root 223:updating GUI with: 87
04-25 13:12:51 com_github_MitjaNemec_ReplicateLayout.replicate_layout 185:Removing tracks and zones, after footprint placement
04-25 13:12:51 root 218:updating GUI message: 'Removing zones and tracks'
04-25 13:12:51 com_github_MitjaNemec_ReplicateLayout.replicate_layout 1046:Remove bounding box top:99243250, bottom:229911750, Left:163608000, Right:269635000
04-25 13:12:51 root 218:updating GUI message: 'Replicating tracks'
04-25 13:12:51 root 223:updating GUI with: 0
04-25 13:12:51 com_github_MitjaNemec_ReplicateLayout.replicate_layout 829:Replicating tracks
04-25 13:12:51 com_github_MitjaNemec_ReplicateLayout.replicate_layout 835:Replicating tracks on sheet ['Balance Interface', 'Lower Active Balance Group']
04-25 13:12:51 root 223:updating GUI with: 0
04-25 13:12:51 root 223:updating GUI with: 14
04-25 13:12:51 root 223:updating GUI with: 36
04-25 13:12:51 root 223:updating GUI with: 58
04-25 13:12:51 root 223:updating GUI with: 91
04-25 13:12:51 root 218:updating GUI message: 'Replicating zones'
04-25 13:12:51 com_github_MitjaNemec_ReplicateLayout.replicate_layout 887:Replicating zones
04-25 13:12:51 com_github_MitjaNemec_ReplicateLayout.replicate_layout 894:Replicating zones on sheet ['Balance Interface', 'Lower Active Balance Group']
04-25 13:12:51 root 223:updating GUI with: 4
